<?xml version="1.0" encoding="utf-8"?><testsuites><testsuite errors="0" failures="0" hostname="lumipyry" name="pytest" skipped="15" tests="23" time="0.267" timestamp="2020-04-29T13:47:58.926028"><testcase classname="miio.tests.test_vacuum.TestVacuum" file="miio/tests/test_vacuum.py" line="178" name="test_clean_details" time="0.001"><skipped message="" type="pytest.xfail"></skipped></testcase><testcase classname="miio.tests.test_vacuum.TestVacuum" file="miio/tests/test_vacuum.py" line="174" name="test_clean_history" time="0.001"><skipped message="" type="pytest.xfail"></skipped></testcase><testcase classname="miio.tests.test_vacuum.TestVacuum" file="miio/tests/test_vacuum.py" line="166" name="test_consumable_reset" time="0.000"><skipped message="consumable reset is not implemented" type="pytest.skip">miio/tests/test_vacuum.py:167: consumable reset is not implemented</skipped></testcase><testcase classname="miio.tests.test_vacuum.TestVacuum" file="miio/tests/test_vacuum.py" line="162" name="test_consumable_status" time="0.001"><skipped message="" type="pytest.xfail"></skipped></testcase><testcase classname="miio.tests.test_vacuum.TestVacuum" file="miio/tests/test_vacuum.py" line="190" name="test_dnd" time="0.001"><skipped message="" type="pytest.xfail"></skipped></testcase><testcase classname="miio.tests.test_vacuum.TestVacuum" file="miio/tests/test_vacuum.py" line="194" name="test_fan_speed" time="0.001"><skipped message="" type="pytest.xfail"></skipped></testcase><testcase classname="miio.tests.test_vacuum.TestVacuum" file="miio/tests/test_vacuum.py" line="182" name="test_find" time="0.000"><skipped message="hard to test" type="pytest.skip">miio/tests/test_vacuum.py:183: hard to test</skipped></testcase><testcase classname="miio.tests.test_vacuum.TestVacuum" file="miio/tests/test_vacuum.py" line="140" name="test_goto" time="0.001"></testcase><testcase classname="miio.tests.test_vacuum.TestVacuum" file="miio/tests/test_vacuum.py" line="131" name="test_home" time="0.000"></testcase><testcase classname="miio.tests.test_vacuum.TestVacuum" file="miio/tests/test_vacuum.py" line="158" name="test_log_upload" time="0.000"><skipped message="unknown handling" type="pytest.skip">miio/tests/test_vacuum.py:159: unknown handling</skipped></testcase><testcase classname="miio.tests.test_vacuum.TestVacuum" file="miio/tests/test_vacuum.py" line="154" name="test_manual_control" time="0.001"><skipped message="" type="pytest.xfail"></skipped></testcase><testcase classname="miio.tests.test_vacuum.TestVacuum" file="miio/tests/test_vacuum.py" line="170" name="test_map" time="0.001"><skipped message="" type="pytest.xfail"></skipped></testcase><testcase classname="miio.tests.test_vacuum.TestVacuum" file="miio/tests/test_vacuum.py" line="125" name="test_pause" time="0.001"></testcase><testcase classname="miio.tests.test_vacuum.TestVacuum" file="miio/tests/test_vacuum.py" line="210" name="test_raw_command" time="0.000"><skipped message="" type="pytest.xfail"></skipped></testcase><testcase classname="miio.tests.test_vacuum.TestVacuum" file="miio/tests/test_vacuum.py" line="202" name="test_serial_number" time="0.001"><skipped message="" type="pytest.xfail"></skipped></testcase><testcase classname="miio.tests.test_vacuum.TestVacuum" file="miio/tests/test_vacuum.py" line="198" name="test_sound_info" time="0.001"><skipped message="" type="pytest.xfail"></skipped></testcase><testcase classname="miio.tests.test_vacuum.TestVacuum" file="miio/tests/test_vacuum.py" line="117" name="test_spot" time="0.001"></testcase><testcase classname="miio.tests.test_vacuum.TestVacuum" file="miio/tests/test_vacuum.py" line="109" name="test_start_and_stop" time="0.000"></testcase><testcase classname="miio.tests.test_vacuum.TestVacuum" file="miio/tests/test_vacuum.py" line="84" name="test_status" time="0.001"></testcase><testcase classname="miio.tests.test_vacuum.TestVacuum" file="miio/tests/test_vacuum.py" line="98" name="test_status_with_errors" time="0.001"></testcase><testcase classname="miio.tests.test_vacuum.TestVacuum" file="miio/tests/test_vacuum.py" line="186" name="test_timer" time="0.001"><skipped message="" type="pytest.xfail"></skipped></testcase><testcase classname="miio.tests.test_vacuum.TestVacuum" file="miio/tests/test_vacuum.py" line="206" name="test_timezone" time="0.001"><skipped message="" type="pytest.xfail"></skipped></testcase><testcase classname="miio.tests.test_vacuum.TestVacuum" file="miio/tests/test_vacuum.py" line="146" name="test_zoned_clean" time="0.001"></testcase></testsuite></testsuites>